<?xml version="1.0" encoding="UTF-8"?>
<!-- Generated by org.testng.reporters.JUnitReportReporter -->
<testsuite hostname="DESKTOP-APDGIAT" failures="0" tests="1" name="testngday2.Testapp2" time="0.004" errors="0" timestamp="28 Apr 2024 05:15:36 GMT" skipped="0">
  <testcase classname="testngday2.Testapp2" name="B" time="0.004"/>
</testsuite> <!-- testngday2.Testapp2 -->
