<?xml version="1.0" encoding="UTF-8"?>
<!-- Generated by org.testng.reporters.JUnitReportReporter -->
<testsuite hostname="DESKTOP-APDGIAT" failures="0" tests="2" name="day1testng.TestApp" time="0.026" errors="0" timestamp="27 Apr 2024 06:09:02 GMT" skipped="0">
  <testcase classname="day1testng.TestApp" name="Register" time="0.024"/>
  <testcase classname="day1testng.TestApp" name="Login" time="0.002"/>
</testsuite> <!-- day1testng.TestApp -->
