<?xml version="1.0" encoding="UTF-8"?>
<!-- Generated by org.testng.reporters.JUnitReportReporter -->
<testsuite hostname="DESKTOP-APDGIAT" failures="0" tests="3" name="testngday2.Testapp" time="7.392" errors="0" timestamp="28 Apr 2024 05:49:01 GMT" skipped="0">
  <testcase classname="testngday2.Testapp" name="GetTitle" time="0.015"/>
  <testcase classname="testngday2.Testapp" name="OpenUrl" time="5.769"/>
  <testcase classname="testngday2.Testapp" name="Loginpage" time="1.608"/>
</testsuite> <!-- testngday2.Testapp -->
