<?xml version="1.0" encoding="UTF-8"?>
<!-- Generated by org.testng.reporters.JUnitReportReporter -->
<testsuite hostname="DESKTOP-APDGIAT" failures="0" tests="2" name="day1testng.Openpage" time="3.455" errors="0" timestamp="27 Apr 2024 06:04:44 GMT" skipped="1">
  <testcase classname="day1testng.Openpage" name="Open_URL" time="3.455"/>
  <testcase classname="day1testng.Openpage" name="Condition">
    <skipped/>
  </testcase> <!-- Condition -->
</testsuite> <!-- day1testng.Openpage -->
